# JRE version: Java(TM) SE Runtime Environment (8.0_202-b08) (build 1.8.0_202-b08)
# Java VM: Java HotSpot(TM) 64-Bit Server VM (25.202-b08 mixed mode linux-amd64 compressed oops)
Heap:
 PSYoungGen      total 357888K, used 9460K [0x00000000e0f00000, 0x00000000f8c80000, 0x0000000100000000)
  eden space 346624K, 0% used [0x00000000e0f00000,0x00000000e0f00000,0x00000000f6180000)
  from space 11264K, 83% used [0x00000000f8180000,0x00000000f8abd1f0,0x00000000f8c80000)
  to   space 10752K, 0% used [0x00000000f6180000,0x00000000f6180000,0x00000000f6c00000)
 ParOldGen       total 75776K, used 19184K [0x00000000a2c00000, 0x00000000a7600000, 0x00000000e0f00000)
  object space 75776K, 25% used [0x00000000a2c00000,0x00000000a3ebc178,0x00000000a7600000)
 Metaspace       used 58914K, capacity 68158K, committed 68312K, reserved 1107968K
  class space    used 8314K, capacity 9345K, committed 9432K, reserved 1048576K
GC Heap History (10 events):
Event: 47,917 GC heap after
Heap after GC invocations=24 (full 3):
 PSYoungGen      total 307200K, used 5233K [0x00000000e0f00000, 0x00000000f5f80000, 0x0000000100000000)
  eden space 296960K, 0% used [0x00000000e0f00000,0x00000000e0f00000,0x00000000f3100000)
  from space 10240K, 51% used [0x00000000f3100000,0x00000000f361c6a0,0x00000000f3b00000)
  to   space 9728K, 0% used [0x00000000f5600000,0x00000000f5600000,0x00000000f5f80000)
 ParOldGen       total 75776K, used 19152K [0x00000000a2c00000, 0x00000000a7600000, 0x00000000e0f00000)
  object space 75776K, 25% used [0x00000000a2c00000,0x00000000a3eb4178,0x00000000a7600000)
 Metaspace       used 58028K, capacity 67284K, committed 67544K, reserved 1107968K
  class space    used 8303K, capacity 9332K, committed 9432K, reserved 1048576K
}
Event: 51,591 GC heap before
{Heap before GC invocations=25 (full 3):
 PSYoungGen      total 307200K, used 302193K [0x00000000e0f00000, 0x00000000f5f80000, 0x0000000100000000)
  eden space 296960K, 100% used [0x00000000e0f00000,0x00000000f3100000,0x00000000f3100000)
  from space 10240K, 51% used [0x00000000f3100000,0x00000000f361c6a0,0x00000000f3b00000)
  to   space 9728K, 0% used [0x00000000f5600000,0x00000000f5600000,0x00000000f5f80000)
 ParOldGen       total 75776K, used 19152K [0x00000000a2c00000, 0x00000000a7600000, 0x00000000e0f00000)
  object space 75776K, 25% used [0x00000000a2c00000,0x00000000a3eb4178,0x00000000a7600000)
 Metaspace       used 58248K, capacity 67580K, committed 67800K, reserved 1107968K
  class space    used 8308K, capacity 9340K, committed 9432K, reserved 1048576K
Event: 51,605 GC heap after
Heap after GC invocations=25 (full 3):
 PSYoungGen      total 331776K, used 6605K [0x00000000e0f00000, 0x00000000f5e00000, 0x0000000100000000)
  eden space 323584K, 0% used [0x00000000e0f00000,0x00000000e0f00000,0x00000000f4b00000)
  from space 8192K, 80% used [0x00000000f5600000,0x00000000f5c73490,0x00000000f5e00000)
  to   space 9728K, 0% used [0x00000000f4b00000,0x00000000f4b00000,0x00000000f5480000)
 ParOldGen       total 75776K, used 19160K [0x00000000a2c00000, 0x00000000a7600000, 0x00000000e0f00000)
  object space 75776K, 25% used [0x00000000a2c00000,0x00000000a3eb6178,0x00000000a7600000)
 Metaspace       used 58248K, capacity 67580K, committed 67800K, reserved 1107968K
  class space    used 8308K, capacity 9340K, committed 9432K, reserved 1048576K
}
Event: 57,609 GC heap before
{Heap before GC invocations=26 (full 3):
 PSYoungGen      total 331776K, used 329477K [0x00000000e0f00000, 0x00000000f5e00000, 0x0000000100000000)
  eden space 323584K, 99% used [0x00000000e0f00000,0x00000000f4a4df70,0x00000000f4b00000)
  from space 8192K, 80% used [0x00000000f5600000,0x00000000f5c73490,0x00000000f5e00000)
  to   space 9728K, 0% used [0x00000000f4b00000,0x00000000f4b00000,0x00000000f5480000)
 ParOldGen       total 75776K, used 19160K [0x00000000a2c00000, 0x00000000a7600000, 0x00000000e0f00000)
  object space 75776K, 25% used [0x00000000a2c00000,0x00000000a3eb6178,0x00000000a7600000)
 Metaspace       used 58409K, capacity 67670K, committed 67800K, reserved 1107968K
  class space    used 8311K, capacity 9343K, committed 9432K, reserved 1048576K
Event: 57,621 GC heap after
Heap after GC invocations=26 (full 3):
 PSYoungGen      total 333312K, used 7543K [0x00000000e0f00000, 0x00000000f7780000, 0x0000000100000000)
  eden space 323584K, 0% used [0x00000000e0f00000,0x00000000e0f00000,0x00000000f4b00000)
  from space 9728K, 77% used [0x00000000f4b00000,0x00000000f525dd00,0x00000000f5480000)
  to   space 10240K, 0% used [0x00000000f6d80000,0x00000000f6d80000,0x00000000f7780000)
 ParOldGen       total 75776K, used 19168K [0x00000000a2c00000, 0x00000000a7600000, 0x00000000e0f00000)
  object space 75776K, 25% used [0x00000000a2c00000,0x00000000a3eb8178,0x00000000a7600000)
 Metaspace       used 58409K, capacity 67670K, committed 67800K, reserved 1107968K
  class space    used 8311K, capacity 9343K, committed 9432K, reserved 1048576K
}
Event: 64,586 GC heap before
{Heap before GC invocations=27 (full 3):
 PSYoungGen      total 333312K, used 329194K [0x00000000e0f00000, 0x00000000f7780000, 0x0000000100000000)
  eden space 323584K, 99% used [0x00000000e0f00000,0x00000000f491ccd8,0x00000000f4b00000)
  from space 9728K, 77% used [0x00000000f4b00000,0x00000000f525dd00,0x00000000f5480000)
  to   space 10240K, 0% used [0x00000000f6d80000,0x00000000f6d80000,0x00000000f7780000)
 ParOldGen       total 75776K, used 19168K [0x00000000a2c00000, 0x00000000a7600000, 0x00000000e0f00000)
  object space 75776K, 25% used [0x00000000a2c00000,0x00000000a3eb8178,0x00000000a7600000)
 Metaspace       used 58543K, capacity 67810K, committed 68056K, reserved 1107968K
  class space    used 8311K, capacity 9343K, committed 9432K, reserved 1048576K
Event: 64,604 GC heap after
Heap after GC invocations=27 (full 3):
 PSYoungGen      total 355840K, used 7948K [0x00000000e0f00000, 0x00000000f7680000, 0x0000000100000000)
  eden space 346624K, 0% used [0x00000000e0f00000,0x00000000e0f00000,0x00000000f6180000)
  from space 9216K, 86% used [0x00000000f6d80000,0x00000000f7543310,0x00000000f7680000)
  to   space 10752K, 0% used [0x00000000f6180000,0x00000000f6180000,0x00000000f6c00000)
 ParOldGen       total 75776K, used 19176K [0x00000000a2c00000, 0x00000000a7600000, 0x00000000e0f00000)
  object space 75776K, 25% used [0x00000000a2c00000,0x00000000a3eba178,0x00000000a7600000)
 Metaspace       used 58543K, capacity 67810K, committed 68056K, reserved 1107968K
  class space    used 8311K, capacity 9343K, committed 9432K, reserved 1048576K
}
Event: 70,931 GC heap before
{Heap before GC invocations=28 (full 3):
 PSYoungGen      total 355840K, used 354042K [0x00000000e0f00000, 0x00000000f7680000, 0x0000000100000000)
  eden space 346624K, 99% used [0x00000000e0f00000,0x00000000f60fb7f8,0x00000000f6180000)
  from space 9216K, 86% used [0x00000000f6d80000,0x00000000f7543310,0x00000000f7680000)
  to   space 10752K, 0% used [0x00000000f6180000,0x00000000f6180000,0x00000000f6c00000)
 ParOldGen       total 75776K, used 19176K [0x00000000a2c00000, 0x00000000a7600000, 0x00000000e0f00000)
  object space 75776K, 25% used [0x00000000a2c00000,0x00000000a3eba178,0x00000000a7600000)
 Metaspace       used 58838K, capacity 68146K, committed 68312K, reserved 1107968K
  class space    used 8314K, capacity 9345K, committed 9432K, reserved 1048576K
Event: 70,975 GC heap after
Heap after GC invocations=28 (full 3):
 PSYoungGen      total 357376K, used 8631K [0x00000000e0f00000, 0x00000000f8c80000, 0x0000000100000000)
  eden space 346624K, 0% used [0x00000000e0f00000,0x00000000e0f00000,0x00000000f6180000)
  from space 10752K, 80% used [0x00000000f6180000,0x00000000f69eddd0,0x00000000f6c00000)
  to   space 11264K, 0% used [0x00000000f8180000,0x00000000f8180000,0x00000000f8c80000)
 ParOldGen       total 75776K, used 19176K [0x00000000a2c00000, 0x00000000a7600000, 0x00000000e0f00000)
  object space 75776K, 25% used [0x00000000a2c00000,0x00000000a3eba178,0x00000000a7600000)
 Metaspace       used 58838K, capacity 68146K, committed 68312K, reserved 1107968K
  class space    used 8314K, capacity 9345K, committed 9432K, reserved 1048576K
}
Event: 80,494 GC heap before
{Heap before GC invocations=29 (full 3):
 PSYoungGen      total 357376K, used 352882K [0x00000000e0f00000, 0x00000000f8c80000, 0x0000000100000000)
  eden space 346624K, 99% used [0x00000000e0f00000,0x00000000f5f2eb60,0x00000000f6180000)
  from space 10752K, 80% used [0x00000000f6180000,0x00000000f69eddd0,0x00000000f6c00000)
  to   space 11264K, 0% used [0x00000000f8180000,0x00000000f8180000,0x00000000f8c80000)
 ParOldGen       total 75776K, used 19176K [0x00000000a2c00000, 0x00000000a7600000, 0x00000000e0f00000)
  object space 75776K, 25% used [0x00000000a2c00000,0x00000000a3eba178,0x00000000a7600000)
 Metaspace       used 58914K, capacity 68158K, committed 68312K, reserved 1107968K
  class space    used 8314K, capacity 9345K, committed 9432K, reserved 1048576K

