# JRE version: Java(TM) SE Runtime Environment (8.0_202-b08) (build 1.8.0_202-b08)
# Java VM: Java HotSpot(TM) 64-Bit Server VM (25.202-b08 mixed mode linux-amd64 compressed oops)
Heap:
 PSYoungGen      total 371712K, used 5750K [0x00000000e0f00000, 0x00000000f8880000, 0x0000000100000000)
  eden space 359424K, 0% used [0x00000000e0f00000,0x00000000e0f00000,0x00000000f6e00000)
  from space 12288K, 46% used [0x00000000f7080000,0x00000000f761db50,0x00000000f7c80000)
  to   space 4096K, 0% used [0x00000000f8480000,0x00000000f8480000,0x00000000f8880000)
 ParOldGen       total 72704K, used 17874K [0x00000000a2c00000, 0x00000000a7300000, 0x00000000e0f00000)
  object space 72704K, 24% used [0x00000000a2c00000,0x00000000a3d749f8,0x00000000a7300000)
 Metaspace       used 57008K, capacity 65887K, committed 66136K, reserved 1105920K
  class space    used 8216K, capacity 9194K, committed 9304K, reserved 1048576K
GC Heap History (10 events):
Event: 8,188 GC heap after
Heap after GC invocations=13 (full 3):
 PSYoungGen      total 248320K, used 0K [0x00000000e0f00000, 0x00000000f1000000, 0x0000000100000000)
  eden space 237568K, 0% used [0x00000000e0f00000,0x00000000e0f00000,0x00000000ef700000)
  from space 10752K, 0% used [0x00000000f0580000,0x00000000f0580000,0x00000000f1000000)
  to   space 12800K, 0% used [0x00000000ef700000,0x00000000ef700000,0x00000000f0380000)
 ParOldGen       total 72704K, used 16192K [0x00000000a2c00000, 0x00000000a7300000, 0x00000000e0f00000)
  object space 72704K, 22% used [0x00000000a2c00000,0x00000000a3bd0118,0x00000000a7300000)
 Metaspace       used 50889K, capacity 57803K, committed 59028K, reserved 1099776K
  class space    used 7448K, capacity 8194K, committed 8408K, reserved 1048576K
}
Event: 10,269 GC heap before
{Heap before GC invocations=14 (full 3):
 PSYoungGen      total 248320K, used 237568K [0x00000000e0f00000, 0x00000000f1000000, 0x0000000100000000)
  eden space 237568K, 100% used [0x00000000e0f00000,0x00000000ef700000,0x00000000ef700000)
  from space 10752K, 0% used [0x00000000f0580000,0x00000000f0580000,0x00000000f1000000)
  to   space 12800K, 0% used [0x00000000ef700000,0x00000000ef700000,0x00000000f0380000)
 ParOldGen       total 72704K, used 16192K [0x00000000a2c00000, 0x00000000a7300000, 0x00000000e0f00000)
  object space 72704K, 22% used [0x00000000a2c00000,0x00000000a3bd0118,0x00000000a7300000)
 Metaspace       used 53798K, capacity 62171K, committed 62424K, reserved 1103872K
  class space    used 7950K, capacity 8848K, committed 8920K, reserved 1048576K
Event: 10,295 GC heap after
Heap after GC invocations=14 (full 3):
 PSYoungGen      total 250368K, used 3616K [0x00000000e0f00000, 0x00000000f5600000, 0x0000000100000000)
  eden space 237568K, 0% used [0x00000000e0f00000,0x00000000e0f00000,0x00000000ef700000)
  from space 12800K, 28% used [0x00000000ef700000,0x00000000efa880b8,0x00000000f0380000)
  to   space 12800K, 0% used [0x00000000f4980000,0x00000000f4980000,0x00000000f5600000)
 ParOldGen       total 72704K, used 16200K [0x00000000a2c00000, 0x00000000a7300000, 0x00000000e0f00000)
  object space 72704K, 22% used [0x00000000a2c00000,0x00000000a3bd2118,0x00000000a7300000)
 Metaspace       used 53798K, capacity 62171K, committed 62424K, reserved 1103872K
  class space    used 7950K, capacity 8848K, committed 8920K, reserved 1048576K
}
Event: 15,168 GC heap before
{Heap before GC invocations=15 (full 3):
 PSYoungGen      total 250368K, used 240223K [0x00000000e0f00000, 0x00000000f5600000, 0x0000000100000000)
  eden space 237568K, 99% used [0x00000000e0f00000,0x00000000ef60fba0,0x00000000ef700000)
  from space 12800K, 28% used [0x00000000ef700000,0x00000000efa880b8,0x00000000f0380000)
  to   space 12800K, 0% used [0x00000000f4980000,0x00000000f4980000,0x00000000f5600000)
 ParOldGen       total 72704K, used 16200K [0x00000000a2c00000, 0x00000000a7300000, 0x00000000e0f00000)
  object space 72704K, 22% used [0x00000000a2c00000,0x00000000a3bd2118,0x00000000a7300000)
 Metaspace       used 54511K, capacity 63017K, committed 63192K, reserved 1103872K
  class space    used 7980K, capacity 8887K, committed 8920K, reserved 1048576K
Event: 15,175 GC heap after
Heap after GC invocations=15 (full 3):
 PSYoungGen      total 303616K, used 1980K [0x00000000e0f00000, 0x00000000f4d80000, 0x0000000100000000)
  eden space 299520K, 0% used [0x00000000e0f00000,0x00000000e0f00000,0x00000000f3380000)
  from space 4096K, 48% used [0x00000000f4980000,0x00000000f4b6f0c8,0x00000000f4d80000)
  to   space 13312K, 0% used [0x00000000f3380000,0x00000000f3380000,0x00000000f4080000)
 ParOldGen       total 72704K, used 17850K [0x00000000a2c00000, 0x00000000a7300000, 0x00000000e0f00000)
  object space 72704K, 24% used [0x00000000a2c00000,0x00000000a3d6e9f8,0x00000000a7300000)
 Metaspace       used 54511K, capacity 63017K, committed 63192K, reserved 1103872K
  class space    used 7980K, capacity 8887K, committed 8920K, reserved 1048576K
}
Event: 20,378 GC heap before
{Heap before GC invocations=16 (full 3):
 PSYoungGen      total 303616K, used 298594K [0x00000000e0f00000, 0x00000000f4d80000, 0x0000000100000000)
  eden space 299520K, 99% used [0x00000000e0f00000,0x00000000f30a9888,0x00000000f3380000)
  from space 4096K, 48% used [0x00000000f4980000,0x00000000f4b6f0c8,0x00000000f4d80000)
  to   space 13312K, 0% used [0x00000000f3380000,0x00000000f3380000,0x00000000f4080000)
 ParOldGen       total 72704K, used 17850K [0x00000000a2c00000, 0x00000000a7300000, 0x00000000e0f00000)
  object space 72704K, 24% used [0x00000000a2c00000,0x00000000a3d6e9f8,0x00000000a7300000)
 Metaspace       used 55337K, capacity 64121K, committed 64344K, reserved 1103872K
  class space    used 8059K, capacity 9023K, committed 9048K, reserved 1048576K
Event: 20,420 GC heap after
Heap after GC invocations=16 (full 3):
 PSYoungGen      total 312832K, used 3248K [0x00000000e0f00000, 0x00000000f9100000, 0x0000000100000000)
  eden space 299520K, 0% used [0x00000000e0f00000,0x00000000e0f00000,0x00000000f3380000)
  from space 13312K, 24% used [0x00000000f3380000,0x00000000f36ac190,0x00000000f4080000)
  to   space 12800K, 0% used [0x00000000f8480000,0x00000000f8480000,0x00000000f9100000)
 ParOldGen       total 72704K, used 17858K [0x00000000a2c00000, 0x00000000a7300000, 0x00000000e0f00000)
  object space 72704K, 24% used [0x00000000a2c00000,0x00000000a3d709f8,0x00000000a7300000)
 Metaspace       used 55337K, capacity 64121K, committed 64344K, reserved 1103872K
  class space    used 8059K, capacity 9023K, committed 9048K, reserved 1048576K
}
Event: 26,241 GC heap before
{Heap before GC invocations=17 (full 3):
 PSYoungGen      total 312832K, used 302120K [0x00000000e0f00000, 0x00000000f9100000, 0x0000000100000000)
  eden space 299520K, 99% used [0x00000000e0f00000,0x00000000f32de1b0,0x00000000f3380000)
  from space 13312K, 24% used [0x00000000f3380000,0x00000000f36ac190,0x00000000f4080000)
  to   space 12800K, 0% used [0x00000000f8480000,0x00000000f8480000,0x00000000f9100000)
 ParOldGen       total 72704K, used 17858K [0x00000000a2c00000, 0x00000000a7300000, 0x00000000e0f00000)
  object space 72704K, 24% used [0x00000000a2c00000,0x00000000a3d709f8,0x00000000a7300000)
 Metaspace       used 55700K, capacity 64491K, committed 64600K, reserved 1105920K
  class space    used 8064K, capacity 9034K, committed 9048K, reserved 1048576K
Event: 26,257 GC heap after
Heap after GC invocations=17 (full 3):
 PSYoungGen      total 363520K, used 4036K [0x00000000e0f00000, 0x00000000f8880000, 0x0000000100000000)
  eden space 359424K, 0% used [0x00000000e0f00000,0x00000000e0f00000,0x00000000f6e00000)
  from space 4096K, 98% used [0x00000000f8480000,0x00000000f8871290,0x00000000f8880000)
  to   space 12288K, 0% used [0x00000000f7080000,0x00000000f7080000,0x00000000f7c80000)
 ParOldGen       total 72704K, used 17866K [0x00000000a2c00000, 0x00000000a7300000, 0x00000000e0f00000)
  object space 72704K, 24% used [0x00000000a2c00000,0x00000000a3d729f8,0x00000000a7300000)
 Metaspace       used 55700K, capacity 64491K, committed 64600K, reserved 1105920K
  class space    used 8064K, capacity 9034K, committed 9048K, reserved 1048576K
}
Event: 33,246 GC heap before
{Heap before GC invocations=18 (full 3):
 PSYoungGen      total 363520K, used 361016K [0x00000000e0f00000, 0x00000000f8880000, 0x0000000100000000)
  eden space 359424K, 99% used [0x00000000e0f00000,0x00000000f6b9d160,0x00000000f6e00000)
  from space 4096K, 98% used [0x00000000f8480000,0x00000000f8871290,0x00000000f8880000)
  to   space 12288K, 0% used [0x00000000f7080000,0x00000000f7080000,0x00000000f7c80000)
 ParOldGen       total 72704K, used 17866K [0x00000000a2c00000, 0x00000000a7300000, 0x00000000e0f00000)
  object space 72704K, 24% used [0x00000000a2c00000,0x00000000a3d729f8,0x00000000a7300000)
 Metaspace       used 57008K, capacity 65887K, committed 66136K, reserved 1105920K
  class space    used 8216K, capacity 9194K, committed 9304K, reserved 1048576K

